Flow report for lab1part2
Sun Aug 07 22:40:29 2022
Quartus II 64-Bit Version 13.0.1 Build 232 06/12/2013 Service Pack 1 SJ Web Edition


---------------------
; Table of Contents ;
---------------------
  1. Legal Notice
  2. Flow Summary
  3. Flow Settings
  4. Flow Non-Default Global Settings
  5. Flow Elapsed Time
  6. Flow OS Summary
  7. Flow Log
  8. Flow Messages
  9. Flow Suppressed Messages



----------------
; Legal Notice ;
----------------
Copyright (C) 1991-2013 Altera Corporation
Your use of Altera Corporation's design tools, logic functions 
and other software and tools, and its AMPP partner logic 
functions, and any output files from any of the foregoing 
(including device programming or simulation files), and any 
associated documentation or information are expressly subject 
to the terms and conditions of the Altera Program License 
Subscription Agreement, Altera MegaCore Function License 
Agreement, or other applicable license agreement, including, 
without limitation, that your use is for the sole purpose of 
programming logic devices manufactured by Altera and sold by 
Altera or its authorized distributors.  Please refer to the 
applicable agreement for further details.



+---------------------------------------------------------------------------------------+
; Flow Summary                                                                          ;
+-------------------------------------+-------------------------------------------------+
; Flow Status                         ; Successful - Sun Aug 07 22:40:29 2022           ;
; Quartus II 64-Bit Version           ; 13.0.1 Build 232 06/12/2013 SP 1 SJ Web Edition ;
; Revision Name                       ; lab1part2                                       ;
; Top-level Entity Name               ; lab1part2                                       ;
; Family                              ; Cyclone V                                       ;
; Device                              ; 5CEBA4F23C7                                     ;
; Timing Models                       ; Final                                           ;
; Logic utilization (in ALMs)         ; 3 / 18,480 ( < 1 % )                            ;
; Total registers                     ; 0                                               ;
; Total pins                          ; 14 / 224 ( 6 % )                                ;
; Total virtual pins                  ; 0                                               ;
; Total block memory bits             ; 0 / 3,153,920 ( 0 % )                           ;
; Total DSP Blocks                    ; 0 / 66 ( 0 % )                                  ;
; Total HSSI RX PCSs                  ; 0                                               ;
; Total HSSI PMA RX Deserializers     ; 0                                               ;
; Total HSSI PMA RX ATT Deserializers ; 0                                               ;
; Total HSSI TX PCSs                  ; 0                                               ;
; Total HSSI PMA TX Serializers       ; 0                                               ;
; Total HSSI PMA TX ATT Serializers   ; 0                                               ;
; Total PLLs                          ; 0 / 4 ( 0 % )                                   ;
; Total DLLs                          ; 0 / 4 ( 0 % )                                   ;
+-------------------------------------+-------------------------------------------------+


+-----------------------------------------+
; Flow Settings                           ;
+-------------------+---------------------+
; Option            ; Setting             ;
+-------------------+---------------------+
; Start date & time ; 08/07/2022 22:38:16 ;
; Main task         ; Compilation         ;
; Revision Name     ; lab1part2           ;
+-------------------+---------------------+


+---------------------------------------------------------------------------------------------------------------------------+
; Flow Non-Default Global Settings                                                                                          ;
+-------------------------------------+--------------------------------+---------------+-------------+----------------------+
; Assignment Name                     ; Value                          ; Default Value ; Entity Name ; Section Id           ;
+-------------------------------------+--------------------------------+---------------+-------------+----------------------+
; COMPILER_SIGNATURE_ID               ; 27214208268705.165988669616340 ; --            ; --          ; --                   ;
; EDA_DESIGN_ENTRY_SYNTHESIS_TOOL     ; Custom                         ; <None>        ; --          ; --                   ;
; EDA_INPUT_DATA_FORMAT               ; Vhdl                           ; --            ; --          ; eda_design_synthesis ;
; EDA_OUTPUT_DATA_FORMAT              ; Vhdl                           ; --            ; --          ; eda_simulation       ;
; EDA_SIMULATION_TOOL                 ; Custom VHDL                    ; <None>        ; --          ; --                   ;
; EDA_TIME_SCALE                      ; 1 ps                           ; --            ; --          ; eda_simulation       ;
; MAX_CORE_JUNCTION_TEMP              ; 85                             ; --            ; --          ; --                   ;
; MIN_CORE_JUNCTION_TEMP              ; 0                              ; --            ; --          ; --                   ;
; PARTITION_COLOR                     ; 16764057                       ; --            ; --          ; Top                  ;
; PARTITION_FITTER_PRESERVATION_LEVEL ; PLACEMENT_AND_ROUTING          ; --            ; --          ; Top                  ;
; PARTITION_NETLIST_TYPE              ; SOURCE                         ; --            ; --          ; Top                  ;
; PROJECT_OUTPUT_DIRECTORY            ; output_files                   ; --            ; --          ; --                   ;
+-------------------------------------+--------------------------------+---------------+-------------+----------------------+


+-------------------------------------------------------------------------------------------------------------------------------+
; Flow Elapsed Time                                                                                                             ;
+---------------------------+--------------+-------------------------+---------------------+------------------------------------+
; Module Name               ; Elapsed Time ; Average Processors Used ; Peak Virtual Memory ; Total CPU Time (on all processors) ;
+---------------------------+--------------+-------------------------+---------------------+------------------------------------+
; Analysis & Synthesis      ; 00:00:02     ; 1.0                     ; 4681 MB             ; 00:00:01                           ;
; Fitter                    ; 00:00:21     ; 1.0                     ; 5545 MB             ; 00:00:20                           ;
; Assembler                 ; 00:00:04     ; 1.0                     ; 4701 MB             ; 00:00:04                           ;
; TimeQuest Timing Analyzer ; 00:00:05     ; 1.0                     ; 5098 MB             ; 00:00:06                           ;
; EDA Netlist Writer        ; 00:00:01     ; 1.0                     ; 4572 MB             ; 00:00:01                           ;
; EDA Netlist Writer        ; 00:00:01     ; 1.0                     ; 4579 MB             ; 00:00:01                           ;
; EDA Netlist Writer        ; 00:00:01     ; 1.0                     ; 4579 MB             ; 00:00:01                           ;
; EDA Netlist Writer        ; 00:00:01     ; 1.0                     ; 4579 MB             ; 00:00:01                           ;
; EDA Netlist Writer        ; 00:00:01     ; 1.0                     ; 4579 MB             ; 00:00:01                           ;
; Total                     ; 00:00:37     ; --                      ; --                  ; 00:00:36                           ;
+---------------------------+--------------+-------------------------+---------------------+------------------------------------+


+----------------------------------------------------------------------------------------+
; Flow OS Summary                                                                        ;
+---------------------------+------------------+-----------+------------+----------------+
; Module Name               ; Machine Hostname ; OS Name   ; OS Version ; Processor type ;
+---------------------------+------------------+-----------+------------+----------------+
; Analysis & Synthesis      ; xKamaiL-PC       ; Windows 7 ; 6.2        ; x86_64         ;
; Fitter                    ; xKamaiL-PC       ; Windows 7 ; 6.2        ; x86_64         ;
; Assembler                 ; xKamaiL-PC       ; Windows 7 ; 6.2        ; x86_64         ;
; TimeQuest Timing Analyzer ; xKamaiL-PC       ; Windows 7 ; 6.2        ; x86_64         ;
; EDA Netlist Writer        ; xKamaiL-PC       ; Windows 7 ; 6.2        ; x86_64         ;
; EDA Netlist Writer        ; xKamaiL-PC       ; Windows 7 ; 6.2        ; x86_64         ;
; EDA Netlist Writer        ; xKamaiL-PC       ; Windows 7 ; 6.2        ; x86_64         ;
; EDA Netlist Writer        ; xKamaiL-PC       ; Windows 7 ; 6.2        ; x86_64         ;
; EDA Netlist Writer        ; xKamaiL-PC       ; Windows 7 ; 6.2        ; x86_64         ;
+---------------------------+------------------+-----------+------------+----------------+


------------
; Flow Log ;
------------
quartus_map --read_settings_files=on --write_settings_files=off lab1part2 -c lab1part2
quartus_fit --read_settings_files=off --write_settings_files=off lab1part2 -c lab1part2
quartus_asm --read_settings_files=off --write_settings_files=off lab1part2 -c lab1part2
quartus_sta lab1part2 -c lab1part2
quartus_eda --read_settings_files=off --write_settings_files=off lab1part2 -c lab1part2
quartus_eda --gen_testbench --check_outputs=on --tool=modelsim_oem --format=verilog lab1part2 -c lab1part2 --vector_source=C:/Users/xKamaiL/Desktop/digitalcircuit-laboratoy/lab1/part2/Waveform.vwf --testbench_file=./simulation/qsim/lab1part2.vt
quartus_eda --functional=on --simulation=on --tool=modelsim_oem --format=verilog lab1part2 -c lab1part2
quartus_eda --gen_testbench --check_outputs=on --tool=modelsim_oem --format=verilog lab1part2 -c lab1part2 --vector_source=C:/Users/xKamaiL/Desktop/digitalcircuit-laboratoy/lab1/part2/Waveform.vwf --testbench_file=./simulation/qsim/lab1part2.vt
quartus_eda --functional=on --simulation=on --tool=modelsim_oem --format=verilog lab1part2 -c lab1part2



